        -:    0:Source:module/test.cpp
        -:    0:Graph:build/module/test.gcno
        -:    0:Data:build/module/test.gcda
        -:    0:Runs:1
        -:    0:Programs:1
        -:    1:#include "test.h"
        -:    2:
        1:    3:void externalFunction (int a) {
        1:    4:  if (a < 42) {
        1:    5:    Printer<double>::printBoth();
        1:    6:    Printer<double>::printOne();
        -:    7:  } else {
    #####:    8:    printf ("No calls here");
        -:    9:  }
        4:   10:}
